<?xml version="1.0" encoding="UTF-8"?>
<!-- Generated by org.testng.reporters.JUnitReportReporter -->
<testsuite hostname="LTIN314724" failures="0" tests="1" name="testcases.TC_02" time="0.495" errors="0" timestamp="2024-02-28T11:33:43 IST" skipped="0">
  <testcase classname="testcases.TC_02" name="user_displays_popular_models_in_the_list" time="0.495"/>
  <system-out/>
</testsuite> <!-- testcases.TC_02 -->
